$Version1
00000000 0 0 0 0 0 Date:  01/11/2025  Time:  12:54:33 PM
00000000 0 0 0 0 0 Compile...
00000000 0 0 0 0 0 Daysil_Autoclav_v3\SLIO_CPU_015\CPU 315-2 PN/DP\...\Blocks
00000000 0 0 0 0 0 Start Compilation...
10000000 0 0 0 0 0   1: DB1  [DB Editor]
$OD: 116103 15 116001 1 112001 78
$ENDOD
10000000 0 0 0 0 0   2: DB2  [DB Editor]
$OD: 116103 16 116001 1 112001 78
$ENDOD
10000000 0 0 0 0 0   3: DB5  [DB Editor]
$OD: 116103 17 116001 1 112001 78
$ENDOD
10000000 0 0 0 0 0   4: DB6  [DB Editor]
$OD: 116103 18 116001 1 112001 78
$ENDOD
10000000 0 0 0 0 0   5: DB7  [DB Editor]
$OD: 116103 19 116001 1 112001 78
$ENDOD
10000000 0 0 0 0 0   6: DB8  [DB Editor]
$OD: 116103 1a 116001 1 112001 78
$ENDOD
10000000 0 0 0 0 0   7: DB9  [DB Editor]
$OD: 116103 1b 116001 1 112001 78
$ENDOD
10000000 0 0 0 0 0   8: DB10  [DB Editor]
$OD: 116103 1c 116001 1 112001 78
$ENDOD
10000000 0 0 0 0 0   9: DB14  [DB Editor]
$OD: 116103 1d 116001 1 112001 78
$ENDOD
10000000 0 0 0 0 0   10: DB15  [DB Editor]
$OD: 116103 1e 116001 1 112001 78
$ENDOD
10000000 0 0 0 0 0   11: DB17  [DB Editor]
$OD: 116103 1f 116001 1 112001 78
$ENDOD
10000000 0 0 0 0 0   12: DB18  [DB Editor]
$OD: 116103 20 116001 1 112001 78
$ENDOD
10000000 0 0 0 0 0   13: DB19  [DB Editor]
$OD: 116103 21 116001 1 112001 78
$ENDOD
10000000 0 0 0 0 0   14: DB20  [DB Editor]
$OD: 116103 22 116001 1 112001 78
$ENDOD
10000000 0 0 0 0 0   15: DB21  [DB Editor]
$OD: 116103 23 116001 1 112001 78
$ENDOD
10000000 0 0 0 0 0   16: DB22  [DB Editor]
$OD: 116103 24 116001 1 112001 78
$ENDOD
10000000 0 0 0 0 0   17: DB23  [DB Editor]
$OD: 116103 25 116001 1 112001 78
$ENDOD
10000000 0 0 0 0 0   18: DB24  [DB Editor]
$OD: 116103 26 116001 1 112001 78
$ENDOD
10000000 0 0 0 0 0   19: DB50  [DB Editor]
$OD: 116103 27 116001 1 112001 78
$ENDOD
10000000 0 0 0 0 0   20: DB51  [DB Editor]
$OD: 116103 28 116001 1 112001 78
$ENDOD
10000000 0 0 0 0 0   21: DB52  [DB Editor]
$OD: 116103 29 116001 1 112001 78
$ENDOD
10000000 0 0 0 0 0   22: DB69  [DB Editor]
$OD: 116103 2a 116001 1 112001 78
$ENDOD
10000000 0 0 0 0 0   23: DB70  [DB Editor]
$OD: 116103 2b 116001 1 112001 78
$ENDOD
10000000 0 0 0 0 0   24: DB94  [DB Editor]
$OD: 116103 2c 116001 1 112001 78
$ENDOD
10000000 0 0 0 0 0   25: DB95  [DB Editor]
$OD: 116103 2d 116001 1 112001 78
$ENDOD
10000000 0 0 0 0 0   26: DB98  [DB Editor]
$OD: 116103 2e 116001 1 112001 78
$ENDOD
10000000 0 0 0 0 0   27: DB99  [DB Editor]
$OD: 116103 2f 116001 1 112001 78
$ENDOD
10000000 0 0 0 0 0   28: DB120  [DB Editor]
$OD: 116103 30 116001 1 112001 78
$ENDOD
10000000 0 0 0 0 0   29: DB130  [DB Editor]
$OD: 116103 31 116001 1 112001 78
$ENDOD
10000000 0 0 0 0 0   30: DB131  [DB Editor]
$OD: 116103 32 116001 1 112001 78
$ENDOD
10000000 0 0 0 0 0   31: DB132  [DB Editor]
$OD: 116103 33 116001 1 112001 78
$ENDOD
10000000 0 0 0 0 0   32: DB230  [DB Editor]
$OD: 116103 34 116001 1 112001 78
$ENDOD
10000000 0 0 0 0 0   33: DB231  [DB Editor]
$OD: 116103 35 116001 1 112001 78
$ENDOD
10000000 0 0 0 0 0   34: DB232  [DB Editor]
$OD: 116103 36 116001 1 112001 78
$ENDOD
10000000 0 0 0 0 0   35: FB1  [LAD]
$OD: 116101 2 116001 1 112001 78
$ENDOD
10000000 0 0 0 0 0   36: FB2  [LAD]
$OD: 116101 3 116001 1 112001 78
$ENDOD
10000000 0 0 0 0 0   37: FB3  [LAD]
$OD: 116101 4 116001 1 112001 78
$ENDOD
10000000 0 0 0 0 0   38: FB5  [LAD]
$OD: 116101 5 116001 1 112001 78
$ENDOD
10000000 0 0 0 0 0   39: FB20  [LAD]
$OD: 116101 6 116001 1 112001 78
$ENDOD
10000000 0 0 0 0 0   40: FB47  [LAD]
$OD: 116101 8 116001 1 112001 78
$ENDOD
10000000 0 0 0 0 0   41: FB48  [LAD]
$OD: 116101 9 116001 1 112001 78
$ENDOD
10000000 0 0 0 0 0   42: FB49  [LAD]
$OD: 116101 a 116001 1 112001 78
$ENDOD
10000000 0 0 0 0 0   43: FB50  [LAD]
$OD: 116101 b 116001 1 112001 78
$ENDOD
10000000 0 0 0 0 0   44: FB94  [STL]
$OD: 116101 d 116001 1 112001 78
$ENDOD
10000000 0 0 0 0 0   45: FB95  [STL]
$OD: 116101 e 116001 1 112001 78
$ENDOD
10000000 0 0 0 0 0   46: FB98  [LAD]
$OD: 116101 f 116001 1 112001 78
$ENDOD
10000000 0 0 0 0 0   47: FB99  [LAD]
$OD: 116101 10 116001 1 112001 78
$ENDOD
10000000 0 0 0 0 0   48: FC1  [SCL]
$OD: 116102 11 116001 1 112001 78
42000000 0 0 0 0 0 The source, from which the block was created cannot, be found.
6 C:\Program Files (x86)\Siemens\Step7\s7umk\s7umkehb.hlp
$ENDOD
10000000 0 0 0 0 0   49: OB1  [STL]
$OD: 116104 37 116001 1 112001 78
$ENDOD
10000000 0 0 0 0 0   50: OB35  [STL]
$OD: 116104 38 116001 1 112001 78
$ENDOD
10000000 0 0 0 0 0   51: OB80  [LAD]
$OD: 116104 39 116001 1 112001 78
$ENDOD
10000000 0 0 0 0 0   52: OB81  [LAD]
$OD: 116104 3a 116001 1 112001 78
$ENDOD
10000000 0 0 0 0 0   53: OB82  [LAD]
$OD: 116104 3b 116001 1 112001 78
$ENDOD
10000000 0 0 0 0 0   54: OB83  [LAD]
$OD: 116104 3c 116001 1 112001 78
$ENDOD
10000000 0 0 0 0 0   55: OB84  [LAD]
$OD: 116104 3d 116001 1 112001 78
$ENDOD
10000000 0 0 0 0 0   56: OB85  [LAD]
$OD: 116104 3e 116001 1 112001 78
$ENDOD
10000000 0 0 0 0 0   57: OB86  [LAD]
$OD: 116104 3f 116001 1 112001 78
$ENDOD
10000000 0 0 0 0 0   58: OB87  [LAD]
$OD: 116104 40 116001 1 112001 78
$ENDOD
10000000 0 0 0 0 0   59: OB100  [LAD]
$OD: 116104 41 116001 1 112001 78
$ENDOD
10000000 0 0 0 0 0   60: OB101  [LAD]
$OD: 116104 42 116001 1 112001 78
$ENDOD
10000000 0 0 0 0 0   61: OB102  [LAD]
$OD: 116104 43 116001 1 112001 78
$ENDOD
10000000 0 0 0 0 0   62: OB121  [LAD]
$OD: 116104 44 116001 1 112001 78
$ENDOD
$ENDOD
00000000 0 0 0 0 0 0 Error(s), 1 Warning(s)
00000000 0 0 0 0 0 
