$Version1
00000000 0 0 0 0 0 Date:  01/01/2025  Time:  04:09:25 PM
00000000 0 0 0 0 0 Compile...
00000000 0 0 0 0 0 DAYSILAUTOCLAVE\SLIO_CPU_015\CPU 315-2 PN/DP\...\Blocks
00000000 0 0 0 0 0 Start Compilation...
10000000 0 0 0 0 0   1: FB50  [LAD]
$OD: 116101 10 116001 1 112001 73
$ENDOD
10000000 0 0 0 0 0   2: FB47  [LAD]
$OD: 116101 2a 116001 1 112001 73
$ENDOD
10000000 0 0 0 0 0   3: FB48  [LAD]
$OD: 116101 2b 116001 1 112001 73
$ENDOD
10000000 0 0 0 0 0   4: FB1  [LAD]
$OD: 116101 b 116001 1 112001 73
$ENDOD
10000000 0 0 0 0 0   5: FB2  [LAD]
$OD: 116101 59 116001 1 112001 73
$ENDOD
10000000 0 0 0 0 0   6: FB20  [LAD]
$OD: 116101 31 116001 1 112001 73
$ENDOD
10000000 0 0 0 0 0   7: FB49  [LAD]
$OD: 116101 25 116001 1 112001 73
$ENDOD
10000000 0 0 0 0 0   8: FB94  [STL]
$OD: 116101 34 116001 1 112001 73
$ENDOD
10000000 0 0 0 0 0   9: FB95  [STL]
$OD: 116101 35 116001 1 112001 73
$ENDOD
10000000 0 0 0 0 0   10: OB100  [LAD]
$OD: 116104 18 116001 1 112001 73
$ENDOD
10000000 0 0 0 0 0   11: FB99  [LAD]
$OD: 116101 13 116001 1 112001 73
$ENDOD
$ENDOD
00000000 0 0 0 0 0 0 Error(s), 0 Warning(s)
00000000 0 0 0 0 0 
40000000 0 0 0 0 0 The S7 program contains the following blocks that are referenced but not available:
10000000 0 0 0 0 0 SFC64
00000000 0 0 0 0 0 
